<?xml version="1.0" encoding="UTF-8"?>
<testng-results ignored="0" total="1" passed="1" failed="0" skipped="0">
  <reporter-output>
  </reporter-output>
  <suite started-at="2025-05-27T21:51:11 IST" name="Surefire suite" finished-at="2025-05-27T21:51:11 IST" duration-ms="56">
    <groups>
    </groups>
    <test started-at="2025-05-27T21:51:11 IST" name="Surefire test" finished-at="2025-05-27T21:51:11 IST" duration-ms="56">
      <class name="rahulshettyacedamy8.selenium_java.TestClass">
        <test-method signature="method1()[pri:0, instance:rahulshettyacedamy8.selenium_java.TestClass@6973bf95]" started-at="2025-05-27T21:51:11 IST" name="method1" finished-at="2025-05-27T21:51:11 IST" duration-ms="5" status="PASS">
          <reporter-output>
          </reporter-output>
        </test-method> <!-- method1 -->
      </class> <!-- rahulshettyacedamy8.selenium_java.TestClass -->
    </test> <!-- Surefire test -->
  </suite> <!-- Surefire suite -->
</testng-results>
