<?xml version="1.0" encoding="UTF-8"?>
<testng-results ignored="0" total="1" passed="1" failed="0" skipped="0">
  <reporter-output>
  </reporter-output>
  <suite started-at="2025-06-21T17:54:10 IST" name="Default suite" finished-at="2025-06-21T17:54:10 IST" duration-ms="54">
    <groups>
    </groups>
    <test started-at="2025-06-21T17:54:10 IST" name="Default test" finished-at="2025-06-21T17:54:10 IST" duration-ms="54">
      <class name="rahulshettyacedamy8.selenium_java.GitTest">
        <test-method signature="test()[pri:0, instance:rahulshettyacedamy8.selenium_java.GitTest@67c27493]" started-at="2025-06-21T17:54:10 IST" name="test" finished-at="2025-06-21T17:54:10 IST" duration-ms="9" status="PASS">
          <reporter-output>
          </reporter-output>
        </test-method> <!-- test -->
      </class> <!-- rahulshettyacedamy8.selenium_java.GitTest -->
    </test> <!-- Default test -->
  </suite> <!-- Default suite -->
</testng-results>
